<?xml version="1.0" encoding="UTF-8"?>
<!-- Generated by org.testng.reporters.JUnitReportReporter -->
<testsuite hostname="LAPTOP-QH8NFJ6B" failures="0" tests="1" name="Execution.RunnerClass" time="7.656" errors="0" timestamp="2025-09-16T22:33:34 IST" skipped="0">
  <testcase classname="Execution.RunnerClass" name="runScenario" time="7.656"/>
</testsuite> <!-- Execution.RunnerClass -->
