<?xml version="1.0" encoding="UTF-8"?>
<!-- Generated by org.testng.reporters.JUnitReportReporter -->
<testsuite hostname="LAPTOP-QH8NFJ6B" failures="0" tests="1" name="Execution.RunnerClassTest" time="6.004" errors="0" timestamp="2025-09-28T15:44:10 IST" skipped="0">
  <testcase classname="Execution.RunnerClassTest" name="runScenario" time="6.004"/>
</testsuite> <!-- Execution.RunnerClassTest -->
